build/app/outputs/mapping/release/mapping.txt
# compiler: R8
# compiler_version: 1.5.64
# min_api: 19
# pg_map_id: 84b18f9
...
androidx.activity.ImmLeaksCleaner -> androidx.activity.ImmLeaksCleaner:
    java.lang.reflect.Field sServedViewField -> d
    java.lang.reflect.Field sNextServedViewField -> e
    java.lang.reflect.Field sHField -> c
    int sReflectedFieldsInitialized -> b
    android.app.Activity mActivity -> a
    void initializeReflectiveFields() -> a
    void onStateChanged(androidx.lifecycle.LifecycleOwner,androidx.lifecycle.Lifecycle$Event) -> a
androidx.activity.OnBackPressedCallback -> androidx.activity.b:
    boolean mEnabled -> a
    java.util.concurrent.CopyOnWriteArrayList mCancellables -> b
    void addCancellable(androidx.activity.Cancellable) -> a
    void handleOnBackPressed() -> a
    void setEnabled(boolean) -> a
    boolean isEnabled() -> b
    void removeCancellable(androidx.activity.Cancellable) -> b
    void remove() -> c
androidx.activity.OnBackPressedDispatcher -> androidx.activity.OnBackPressedDispatcher:
    java.lang.Runnable mFallbackOnBackPressed -> a
    java.util.ArrayDeque mOnBackPressedCallbacks -> b
    void addCallback(androidx.lifecycle.LifecycleOwner,androidx.activity.OnBackPressedCallback) -> a
    androidx.activity.Cancellable addCancellableCallback(androidx.activity.OnBackPressedCallback) -> a
    void onBackPressed() -> a
androidx.activity.OnBackPressedDispatcher$LifecycleOnBackPressedCancellable -> androidx.activity.OnBackPressedDispatcher$LifecycleOnBackPressedCancellable:
    androidx.lifecycle.Lifecycle mLifecycle -> a
    androidx.activity.OnBackPressedCallback mOnBackPressedCallback -> b
    androidx.activity.OnBackPressedDispatcher this$0 -> d
    androidx.activity.Cancellable mCurrentCancellable -> c
    void onStateChanged(androidx.lifecycle.LifecycleOwner,androidx.lifecycle.Lifecycle$Event) -> a
androidx.activity.OnBackPressedDispatcher$OnBackPressedCancellable -> androidx.activity.OnBackPressedDispatcher$a:
    androidx.activity.OnBackPressedCallback mOnBackPressedCallback -> a
    androidx.activity.OnBackPressedDispatcher this$0 -> b
androidx.activity.OnBackPressedDispatcherOwner -> androidx.activity.c:
    androidx.activity.OnBackPressedDispatcher getOnBackPressedDispatcher() -> f
androidx.arch.core.executor.ArchTaskExecutor -> a.a.a.a.a:
    androidx.arch.core.executor.ArchTaskExecutor sInstance -> c
    androidx.arch.core.executor.TaskExecutor mDefaultTaskExecutor -> b
    androidx.arch.core.executor.TaskExecutor mDelegate -> a
    void executeOnDiskIO(java.lang.Runnable) -> a
    boolean isMainThread() -> a
    androidx.arch.core.executor.ArchTaskExecutor getInstance() -> b
    void postToMainThread(java.lang.Runnable) -> b
androidx.arch.core.executor.ArchTaskExecutor$1 -> a.a.a.a.a$a:
androidx.arch.core.executor.ArchTaskExecutor$2 -> a.a.a.a.a$b:
androidx.arch.core.executor.DefaultTaskExecutor -> a.a.a.a.b:
    android.os.Handler mMainHandler -> c
    java.lang.Object mLock -> a
    java.util.concurrent.ExecutorService mDiskIO -> b
    void executeOnDiskIO(java.lang.Runnable) -> a
    boolean isMainThread() -> a
    void postToMainThread(java.lang.Runnable) -> b
androidx.arch.core.executor.DefaultTaskExecutor$1 -> a.a.a.a.b$a:
    java.util.concurrent.atomic.AtomicInteger mThreadId -> a
androidx.arch.core.executor.TaskExecutor -> a.a.a.a.c:
    void executeOnDiskIO(java.lang.Runnable) -> a
    boolean isMainThread() -> a
    void postToMainThread(java.lang.Runnable) -> b
androidx.arch.core.internal.FastSafeIterableMap -> a.a.a.b.a:
    java.util.HashMap mHashMap -> e
    androidx.arch.core.internal.SafeIterableMap$Entry get(java.lang.Object) -> a
    java.util.Map$Entry ceil(java.lang.Object) -> b
    java.lang.Object putIfAbsent(java.lang.Object,java.lang.Object) -> b